INFO - 
--------- Loss ---------
INFO - Name : pairwise
INFO - eta : 2
INFO - margin : 5
INFO - 
------ Optimizer -----
INFO - Name : adam
INFO - lr : 0.1
INFO - 
------ Initializer -----
INFO - Name : xavier
INFO - uniform : False
WARNING - DeprecationWarning: use_default_protocol will be removed in future. Please use corrupt_side argument instead.
INFO - Removing 39 triples containing unseen entities. 
INFO - Removing 74 triples containing unseen entities. 
INFO - 
--------- Loss ---------
INFO - Name : pairwise
INFO - eta : 2
INFO - margin : 5
INFO - 
------ Optimizer -----
INFO - Name : adam
INFO - lr : 0.1
INFO - 
------ Initializer -----
INFO - Name : xavier
INFO - uniform : False
WARNING - DeprecationWarning: use_default_protocol will be removed in future. Please use corrupt_side argument instead.
INFO - Removing 39 triples containing unseen entities. 
INFO - Removing 74 triples containing unseen entities. 
INFO - 
--------- Loss ---------
INFO - Name : pairwise
INFO - eta : 2
INFO - margin : 5
INFO - 
------ Optimizer -----
INFO - Name : adam
INFO - lr : 0.1
INFO - 
------ Initializer -----
INFO - Name : xavier
INFO - uniform : False
WARNING - DeprecationWarning: use_default_protocol will be removed in future. Please use corrupt_side argument instead.
INFO - Removing 39 triples containing unseen entities. 
INFO - Removing 74 triples containing unseen entities. 
INFO - 
--------- Loss ---------
INFO - Name : pairwise
INFO - eta : 2
INFO - margin : 5
INFO - 
------ Optimizer -----
INFO - Name : adam
INFO - lr : 0.1
INFO - 
------ Initializer -----
INFO - Name : xavier
INFO - uniform : False
WARNING - DeprecationWarning: use_default_protocol will be removed in future. Please use corrupt_side argument instead.
INFO - Removing 39 triples containing unseen entities. 
INFO - Removing 74 triples containing unseen entities. 
INFO - 
--------- Loss ---------
INFO - Name : pairwise
INFO - eta : 2
INFO - margin : 5
INFO - 
------ Optimizer -----
INFO - Name : adam
INFO - lr : 0.1
INFO - 
------ Initializer -----
INFO - Name : xavier
INFO - uniform : False
WARNING - DeprecationWarning: use_default_protocol will be removed in future. Please use corrupt_side argument instead.
INFO - Removing 39 triples containing unseen entities. 
INFO - Removing 74 triples containing unseen entities. 
INFO - 
--------- Loss ---------
INFO - Name : pairwise
INFO - eta : 2
INFO - margin : 5
INFO - 
------ Optimizer -----
INFO - Name : adam
INFO - lr : 0.1
INFO - 
------ Initializer -----
INFO - Name : xavier
INFO - uniform : False
WARNING - DeprecationWarning: use_default_protocol will be removed in future. Please use corrupt_side argument instead.
INFO - Removing 39 triples containing unseen entities. 
INFO - Removing 74 triples containing unseen entities. 
INFO - 
--------- Loss ---------
INFO - Name : pairwise
INFO - eta : 2
INFO - margin : 5
INFO - 
------ Optimizer -----
INFO - Name : adam
INFO - lr : 0.01
INFO - 
------ Initializer -----
INFO - Name : xavier
INFO - uniform : False
WARNING - DeprecationWarning: use_default_protocol will be removed in future. Please use corrupt_side argument instead.
INFO - Removing 39 triples containing unseen entities. 
INFO - Removing 74 triples containing unseen entities. 
INFO - 
--------- Loss ---------
INFO - Name : pairwise
INFO - eta : 2
INFO - margin : 5
INFO - 
------ Optimizer -----
INFO - Name : adam
INFO - lr : 0.01
INFO - 
------ Initializer -----
INFO - Name : xavier
INFO - uniform : False
WARNING - DeprecationWarning: use_default_protocol will be removed in future. Please use corrupt_side argument instead.
INFO - Removing 39 triples containing unseen entities. 
INFO - Removing 74 triples containing unseen entities. 
INFO - 
--------- Loss ---------
INFO - Name : pairwise
INFO - eta : 2
INFO - margin : 5
INFO - 
------ Optimizer -----
INFO - Name : adam
INFO - lr : 0.01
INFO - 
------ Initializer -----
INFO - Name : xavier
INFO - uniform : False
WARNING - DeprecationWarning: use_default_protocol will be removed in future. Please use corrupt_side argument instead.
INFO - Removing 39 triples containing unseen entities. 
INFO - Removing 74 triples containing unseen entities. 
INFO - 
--------- Loss ---------
INFO - Name : pairwise
INFO - eta : 2
INFO - margin : 5
INFO - 
------ Optimizer -----
INFO - Name : adam
INFO - lr : 0.01
INFO - 
------ Initializer -----
INFO - Name : xavier
INFO - uniform : False
WARNING - DeprecationWarning: use_default_protocol will be removed in future. Please use corrupt_side argument instead.
INFO - Removing 39 triples containing unseen entities. 
INFO - Removing 74 triples containing unseen entities. 
INFO - 
--------- Loss ---------
INFO - Name : pairwise
INFO - eta : 2
INFO - margin : 5
INFO - 
------ Optimizer -----
INFO - Name : adam
INFO - lr : 0.01
INFO - 
------ Initializer -----
INFO - Name : xavier
INFO - uniform : False
WARNING - DeprecationWarning: use_default_protocol will be removed in future. Please use corrupt_side argument instead.
INFO - Removing 39 triples containing unseen entities. 
INFO - Removing 74 triples containing unseen entities. 
INFO - 
--------- Loss ---------
INFO - Name : pairwise
INFO - eta : 2
INFO - margin : 5
INFO - 
------ Optimizer -----
INFO - Name : adam
INFO - lr : 0.01
INFO - 
------ Initializer -----
INFO - Name : xavier
INFO - uniform : False
WARNING - DeprecationWarning: use_default_protocol will be removed in future. Please use corrupt_side argument instead.
INFO - Removing 39 triples containing unseen entities. 
INFO - Removing 74 triples containing unseen entities. 
INFO - 
--------- Loss ---------
INFO - Name : pairwise
INFO - eta : 2
INFO - margin : 5
INFO - 
------ Optimizer -----
INFO - Name : adam
INFO - lr : 0.1
INFO - 
------ Initializer -----
INFO - Name : xavier
INFO - uniform : False
INFO - 
--------- Loss ---------
INFO - Name : pairwise
INFO - eta : 2
INFO - margin : 5
INFO - 
------ Optimizer -----
INFO - Name : adam
INFO - lr : 0.1
INFO - 
------ Initializer -----
INFO - Name : xavier
INFO - uniform : False
WARNING - DeprecationWarning: use_default_protocol will be removed in future. Please use corrupt_side argument instead.
INFO - Removing 37 triples containing unseen entities. 
INFO - Removing 70 triples containing unseen entities. 
INFO - 
--------- Loss ---------
INFO - Name : pairwise
INFO - eta : 2
INFO - margin : 5
INFO - 
------ Optimizer -----
INFO - Name : adam
INFO - lr : 0.1
INFO - 
------ Initializer -----
INFO - Name : xavier
INFO - uniform : False
WARNING - DeprecationWarning: use_default_protocol will be removed in future. Please use corrupt_side argument instead.
INFO - Removing 40 triples containing unseen entities. 
INFO - Removing 72 triples containing unseen entities. 
INFO - 
--------- Loss ---------
INFO - Name : pairwise
INFO - eta : 2
INFO - margin : 5
INFO - 
------ Optimizer -----
INFO - Name : adam
INFO - lr : 0.1
INFO - 
------ Initializer -----
INFO - Name : xavier
INFO - uniform : False
INFO - 
--------- Loss ---------
INFO - Name : pairwise
INFO - eta : 2
INFO - margin : 5
INFO - 
------ Optimizer -----
INFO - Name : adam
INFO - lr : 0.1
INFO - 
------ Initializer -----
INFO - Name : xavier
INFO - uniform : False
WARNING - DeprecationWarning: use_default_protocol will be removed in future. Please use corrupt_side argument instead.
INFO - Removing 47 triples containing unseen entities. 
INFO - Removing 87 triples containing unseen entities. 
INFO - 
--------- Loss ---------
INFO - Name : pairwise
INFO - eta : 2
INFO - margin : 5
INFO - 
------ Optimizer -----
INFO - Name : adam
INFO - lr : 0.01
INFO - 
------ Initializer -----
INFO - Name : xavier
INFO - uniform : False
WARNING - DeprecationWarning: use_default_protocol will be removed in future. Please use corrupt_side argument instead.
INFO - Removing 47 triples containing unseen entities. 
INFO - Removing 87 triples containing unseen entities. 
INFO - 
--------- Loss ---------
INFO - Name : pairwise
INFO - eta : 2
INFO - margin : 5
INFO - 
------ Optimizer -----
INFO - Name : adam
INFO - lr : 0.1
INFO - 
------ Initializer -----
INFO - Name : xavier
INFO - uniform : False
ERROR - Model has not been fitted.
INFO - 
--------- Loss ---------
INFO - Name : pairwise
INFO - eta : 2
INFO - margin : 5
INFO - 
------ Optimizer -----
INFO - Name : adam
INFO - lr : 0.1
INFO - 
------ Initializer -----
INFO - Name : xavier
INFO - uniform : False
WARNING - DeprecationWarning: use_default_protocol will be removed in future. Please use corrupt_side argument instead.
INFO - Removing 35 triples containing unseen entities. 
INFO - Removing 64 triples containing unseen entities. 
INFO - 
--------- Loss ---------
INFO - Name : pairwise
INFO - eta : 2
INFO - margin : 5
INFO - 
------ Optimizer -----
INFO - Name : adam
INFO - lr : 0.01
INFO - 
------ Initializer -----
INFO - Name : xavier
INFO - uniform : False
WARNING - DeprecationWarning: use_default_protocol will be removed in future. Please use corrupt_side argument instead.
INFO - Removing 35 triples containing unseen entities. 
INFO - Removing 64 triples containing unseen entities. 
INFO - 
--------- Loss ---------
INFO - Name : pairwise
INFO - eta : 2
INFO - margin : 5
INFO - 
------ Optimizer -----
INFO - Name : adam
INFO - lr : 0.1
INFO - 
------ Initializer -----
INFO - Name : xavier
INFO - uniform : False
WARNING - DeprecationWarning: use_default_protocol will be removed in future. Please use corrupt_side argument instead.
INFO - Removing 44 triples containing unseen entities. 
INFO - Removing 82 triples containing unseen entities. 
INFO - 
--------- Loss ---------
INFO - Name : pairwise
INFO - eta : 2
INFO - margin : 5
INFO - 
------ Optimizer -----
INFO - Name : adam
INFO - lr : 0.1
INFO - 
------ Initializer -----
INFO - Name : xavier
INFO - uniform : False
WARNING - DeprecationWarning: use_default_protocol will be removed in future. Please use corrupt_side argument instead.
INFO - Removing 38 triples containing unseen entities. 
INFO - Removing 86 triples containing unseen entities. 
INFO - 
--------- Loss ---------
INFO - Name : pairwise
INFO - eta : 2
INFO - margin : 5
INFO - 
------ Optimizer -----
INFO - Name : adam
INFO - lr : 0.01
INFO - 
------ Initializer -----
INFO - Name : xavier
INFO - uniform : False
WARNING - DeprecationWarning: use_default_protocol will be removed in future. Please use corrupt_side argument instead.
INFO - Removing 38 triples containing unseen entities. 
INFO - Removing 86 triples containing unseen entities. 
INFO - 
--------- Loss ---------
INFO - Name : pairwise
INFO - eta : 2
INFO - margin : 5
INFO - 
------ Optimizer -----
INFO - Name : adam
INFO - lr : 0.1
INFO - 
------ Initializer -----
INFO - Name : xavier
INFO - uniform : False
WARNING - DeprecationWarning: use_default_protocol will be removed in future. Please use corrupt_side argument instead.
INFO - Removing 49 triples containing unseen entities. 
INFO - Removing 81 triples containing unseen entities. 
INFO - 
--------- Loss ---------
INFO - Name : pairwise
INFO - eta : 2
INFO - margin : 5
INFO - 
------ Optimizer -----
INFO - Name : adam
INFO - lr : 0.01
INFO - 
------ Initializer -----
INFO - Name : xavier
INFO - uniform : False
WARNING - DeprecationWarning: use_default_protocol will be removed in future. Please use corrupt_side argument instead.
INFO - Removing 49 triples containing unseen entities. 
INFO - Removing 81 triples containing unseen entities. 
INFO - 
--------- Loss ---------
INFO - Name : pairwise
INFO - eta : 2
INFO - margin : 5
INFO - 
------ Optimizer -----
INFO - Name : adam
INFO - lr : 0.1
INFO - 
------ Initializer -----
INFO - Name : xavier
INFO - uniform : False
WARNING - DeprecationWarning: use_default_protocol will be removed in future. Please use corrupt_side argument instead.
INFO - Removing 22 triples containing unseen entities. 
INFO - Removing 58 triples containing unseen entities. 
INFO - 
--------- Loss ---------
INFO - Name : pairwise
INFO - eta : 2
INFO - margin : 5
INFO - 
------ Optimizer -----
INFO - Name : adam
INFO - lr : 0.1
INFO - 
------ Initializer -----
INFO - Name : xavier
INFO - uniform : False
WARNING - DeprecationWarning: use_default_protocol will be removed in future. Please use corrupt_side argument instead.
INFO - Removing 32 triples containing unseen entities. 
INFO - Removing 64 triples containing unseen entities. 
INFO - 
--------- Loss ---------
INFO - Name : pairwise
INFO - eta : 2
INFO - margin : 5
INFO - 
------ Optimizer -----
INFO - Name : adam
INFO - lr : 0.01
INFO - 
------ Initializer -----
INFO - Name : xavier
INFO - uniform : False
WARNING - DeprecationWarning: use_default_protocol will be removed in future. Please use corrupt_side argument instead.
INFO - Removing 32 triples containing unseen entities. 
INFO - Removing 64 triples containing unseen entities. 
INFO - 
--------- Loss ---------
INFO - Name : pairwise
INFO - eta : 2
INFO - margin : 5
INFO - 
------ Optimizer -----
INFO - Name : adam
INFO - lr : 0.1
INFO - 
------ Initializer -----
INFO - Name : xavier
INFO - uniform : False
WARNING - DeprecationWarning: use_default_protocol will be removed in future. Please use corrupt_side argument instead.
INFO - Removing 39 triples containing unseen entities. 
INFO - Removing 75 triples containing unseen entities. 
INFO - 
--------- Loss ---------
INFO - Name : pairwise
INFO - eta : 2
INFO - margin : 5
INFO - 
------ Optimizer -----
INFO - Name : adam
INFO - lr : 0.01
INFO - 
------ Initializer -----
INFO - Name : xavier
INFO - uniform : False
WARNING - DeprecationWarning: use_default_protocol will be removed in future. Please use corrupt_side argument instead.
INFO - Removing 39 triples containing unseen entities. 
INFO - Removing 75 triples containing unseen entities. 
INFO - 
--------- Loss ---------
INFO - Name : pairwise
INFO - eta : 2
INFO - margin : 5
INFO - 
------ Optimizer -----
INFO - Name : adam
INFO - lr : 0.1
INFO - 
------ Initializer -----
INFO - Name : xavier
INFO - uniform : False
WARNING - DeprecationWarning: use_default_protocol will be removed in future. Please use corrupt_side argument instead.
INFO - Removing 46 triples containing unseen entities. 
INFO - Removing 83 triples containing unseen entities. 
INFO - 
--------- Loss ---------
INFO - Name : pairwise
INFO - eta : 2
INFO - margin : 5
INFO - 
------ Optimizer -----
INFO - Name : adam
INFO - lr : 0.1
INFO - 
------ Initializer -----
INFO - Name : xavier
INFO - uniform : False
WARNING - DeprecationWarning: use_default_protocol will be removed in future. Please use corrupt_side argument instead.
INFO - Removing 46 triples containing unseen entities. 
INFO - Removing 83 triples containing unseen entities. 
INFO - 
--------- Loss ---------
INFO - Name : pairwise
INFO - eta : 2
INFO - margin : 5
INFO - 
------ Optimizer -----
INFO - Name : adam
INFO - lr : 0.1
INFO - 
------ Initializer -----
INFO - Name : xavier
INFO - uniform : False
WARNING - DeprecationWarning: use_default_protocol will be removed in future. Please use corrupt_side argument instead.
INFO - Removing 46 triples containing unseen entities. 
INFO - Removing 83 triples containing unseen entities. 
INFO - 
--------- Loss ---------
INFO - Name : pairwise
INFO - eta : 2
INFO - margin : 5
INFO - 
------ Optimizer -----
INFO - Name : adam
INFO - lr : 0.1
INFO - 
------ Initializer -----
INFO - Name : xavier
INFO - uniform : False
WARNING - DeprecationWarning: use_default_protocol will be removed in future. Please use corrupt_side argument instead.
INFO - Removing 46 triples containing unseen entities. 
INFO - Removing 83 triples containing unseen entities. 
INFO - 
--------- Loss ---------
INFO - Name : pairwise
INFO - eta : 2
INFO - margin : 5
INFO - 
------ Optimizer -----
INFO - Name : adam
INFO - lr : 0.1
INFO - 
------ Initializer -----
INFO - Name : xavier
INFO - uniform : False
WARNING - DeprecationWarning: use_default_protocol will be removed in future. Please use corrupt_side argument instead.
INFO - Removing 46 triples containing unseen entities. 
INFO - Removing 83 triples containing unseen entities. 
INFO - 
--------- Loss ---------
INFO - Name : pairwise
INFO - eta : 2
INFO - margin : 5
INFO - 
------ Optimizer -----
INFO - Name : adam
INFO - lr : 0.1
INFO - 
------ Initializer -----
INFO - Name : xavier
INFO - uniform : False
WARNING - DeprecationWarning: use_default_protocol will be removed in future. Please use corrupt_side argument instead.
INFO - Removing 46 triples containing unseen entities. 
INFO - Removing 83 triples containing unseen entities. 
INFO - 
--------- Loss ---------
INFO - Name : pairwise
INFO - eta : 2
INFO - margin : 5
INFO - 
------ Optimizer -----
INFO - Name : adam
INFO - lr : 0.1
INFO - 
------ Initializer -----
INFO - Name : xavier
INFO - uniform : False
WARNING - DeprecationWarning: use_default_protocol will be removed in future. Please use corrupt_side argument instead.
INFO - Removing 46 triples containing unseen entities. 
INFO - Removing 83 triples containing unseen entities. 
INFO - 
--------- Loss ---------
INFO - Name : pairwise
INFO - eta : 2
INFO - margin : 5
INFO - 
------ Optimizer -----
INFO - Name : adam
INFO - lr : 0.1
INFO - 
------ Initializer -----
INFO - Name : xavier
INFO - uniform : False
WARNING - DeprecationWarning: use_default_protocol will be removed in future. Please use corrupt_side argument instead.
INFO - Removing 46 triples containing unseen entities. 
INFO - Removing 83 triples containing unseen entities. 
INFO - 
--------- Loss ---------
INFO - Name : pairwise
INFO - eta : 2
INFO - margin : 5
INFO - 
------ Optimizer -----
INFO - Name : adam
INFO - lr : 0.01
INFO - 
------ Initializer -----
INFO - Name : xavier
INFO - uniform : False
WARNING - DeprecationWarning: use_default_protocol will be removed in future. Please use corrupt_side argument instead.
INFO - Removing 46 triples containing unseen entities. 
INFO - Removing 83 triples containing unseen entities. 
INFO - 
--------- Loss ---------
INFO - Name : pairwise
INFO - eta : 2
INFO - margin : 5
INFO - 
------ Optimizer -----
INFO - Name : adam
INFO - lr : 0.01
INFO - 
------ Initializer -----
INFO - Name : xavier
INFO - uniform : False
WARNING - DeprecationWarning: use_default_protocol will be removed in future. Please use corrupt_side argument instead.
INFO - Removing 46 triples containing unseen entities. 
INFO - Removing 83 triples containing unseen entities. 
INFO - 
--------- Loss ---------
INFO - Name : pairwise
INFO - eta : 2
INFO - margin : 5
INFO - 
------ Optimizer -----
INFO - Name : adam
INFO - lr : 0.01
INFO - 
------ Initializer -----
INFO - Name : xavier
INFO - uniform : False
WARNING - DeprecationWarning: use_default_protocol will be removed in future. Please use corrupt_side argument instead.
INFO - Removing 46 triples containing unseen entities. 
INFO - Removing 83 triples containing unseen entities. 
INFO - 
--------- Loss ---------
INFO - Name : pairwise
INFO - eta : 2
INFO - margin : 5
INFO - 
------ Optimizer -----
INFO - Name : adam
INFO - lr : 0.01
INFO - 
------ Initializer -----
INFO - Name : xavier
INFO - uniform : False
WARNING - DeprecationWarning: use_default_protocol will be removed in future. Please use corrupt_side argument instead.
INFO - Removing 46 triples containing unseen entities. 
INFO - Removing 83 triples containing unseen entities. 
INFO - 
--------- Loss ---------
INFO - Name : pairwise
INFO - eta : 2
INFO - margin : 5
INFO - 
------ Optimizer -----
INFO - Name : adam
INFO - lr : 0.01
INFO - 
------ Initializer -----
INFO - Name : xavier
INFO - uniform : False
WARNING - DeprecationWarning: use_default_protocol will be removed in future. Please use corrupt_side argument instead.
INFO - Removing 46 triples containing unseen entities. 
INFO - Removing 83 triples containing unseen entities. 
INFO - 
--------- Loss ---------
INFO - Name : pairwise
INFO - eta : 2
INFO - margin : 5
INFO - 
------ Optimizer -----
INFO - Name : adam
INFO - lr : 0.01
INFO - 
------ Initializer -----
INFO - Name : xavier
INFO - uniform : False
WARNING - DeprecationWarning: use_default_protocol will be removed in future. Please use corrupt_side argument instead.
INFO - Removing 46 triples containing unseen entities. 
INFO - Removing 83 triples containing unseen entities. 
INFO - 
--------- Loss ---------
INFO - Name : pairwise
INFO - eta : 2
INFO - margin : 5
INFO - 
------ Optimizer -----
INFO - Name : adam
INFO - lr : 0.01
INFO - 
------ Initializer -----
INFO - Name : xavier
INFO - uniform : False
WARNING - DeprecationWarning: use_default_protocol will be removed in future. Please use corrupt_side argument instead.
INFO - Removing 46 triples containing unseen entities. 
INFO - Removing 83 triples containing unseen entities. 
INFO - 
--------- Loss ---------
INFO - Name : pairwise
INFO - eta : 2
INFO - margin : 5
INFO - 
------ Optimizer -----
INFO - Name : adam
INFO - lr : 0.01
INFO - 
------ Initializer -----
INFO - Name : xavier
INFO - uniform : False
WARNING - DeprecationWarning: use_default_protocol will be removed in future. Please use corrupt_side argument instead.
INFO - Removing 46 triples containing unseen entities. 
INFO - Removing 83 triples containing unseen entities. 
INFO - 
--------- Loss ---------
INFO - Name : pairwise
INFO - eta : 2
INFO - margin : 5
INFO - 
------ Optimizer -----
INFO - Name : adam
INFO - lr : 0.05
INFO - 
------ Initializer -----
INFO - Name : xavier
INFO - uniform : False
WARNING - DeprecationWarning: use_default_protocol will be removed in future. Please use corrupt_side argument instead.
INFO - Removing 46 triples containing unseen entities. 
INFO - Removing 83 triples containing unseen entities. 
INFO - 
--------- Loss ---------
INFO - Name : pairwise
INFO - eta : 2
INFO - margin : 5
INFO - 
------ Optimizer -----
INFO - Name : adam
INFO - lr : 0.05
INFO - 
------ Initializer -----
INFO - Name : xavier
INFO - uniform : False
WARNING - DeprecationWarning: use_default_protocol will be removed in future. Please use corrupt_side argument instead.
INFO - Removing 46 triples containing unseen entities. 
INFO - Removing 83 triples containing unseen entities. 
INFO - 
--------- Loss ---------
INFO - Name : pairwise
INFO - eta : 2
INFO - margin : 5
INFO - 
------ Optimizer -----
INFO - Name : adam
INFO - lr : 0.05
INFO - 
------ Initializer -----
INFO - Name : xavier
INFO - uniform : False
WARNING - DeprecationWarning: use_default_protocol will be removed in future. Please use corrupt_side argument instead.
INFO - Removing 46 triples containing unseen entities. 
INFO - Removing 83 triples containing unseen entities. 
INFO - 
--------- Loss ---------
INFO - Name : pairwise
INFO - eta : 2
INFO - margin : 5
INFO - 
------ Optimizer -----
INFO - Name : adam
INFO - lr : 0.05
INFO - 
------ Initializer -----
INFO - Name : xavier
INFO - uniform : False
WARNING - DeprecationWarning: use_default_protocol will be removed in future. Please use corrupt_side argument instead.
INFO - Removing 46 triples containing unseen entities. 
INFO - Removing 83 triples containing unseen entities. 
INFO - 
--------- Loss ---------
INFO - Name : pairwise
INFO - eta : 2
INFO - margin : 5
INFO - 
------ Optimizer -----
INFO - Name : adam
INFO - lr : 0.05
INFO - 
------ Initializer -----
INFO - Name : xavier
INFO - uniform : False
WARNING - DeprecationWarning: use_default_protocol will be removed in future. Please use corrupt_side argument instead.
INFO - Removing 46 triples containing unseen entities. 
INFO - Removing 83 triples containing unseen entities. 
INFO - 
--------- Loss ---------
INFO - Name : pairwise
INFO - eta : 2
INFO - margin : 5
INFO - 
------ Optimizer -----
INFO - Name : adam
INFO - lr : 0.05
INFO - 
------ Initializer -----
INFO - Name : xavier
INFO - uniform : False
WARNING - DeprecationWarning: use_default_protocol will be removed in future. Please use corrupt_side argument instead.
INFO - Removing 46 triples containing unseen entities. 
INFO - Removing 83 triples containing unseen entities. 
INFO - 
--------- Loss ---------
INFO - Name : pairwise
INFO - eta : 2
INFO - margin : 5
INFO - 
------ Optimizer -----
INFO - Name : adam
INFO - lr : 0.05
INFO - 
------ Initializer -----
INFO - Name : xavier
INFO - uniform : False
WARNING - DeprecationWarning: use_default_protocol will be removed in future. Please use corrupt_side argument instead.
INFO - Removing 46 triples containing unseen entities. 
INFO - Removing 83 triples containing unseen entities. 
INFO - 
--------- Loss ---------
INFO - Name : pairwise
INFO - eta : 2
INFO - margin : 5
INFO - 
------ Optimizer -----
INFO - Name : adam
INFO - lr : 0.05
INFO - 
------ Initializer -----
INFO - Name : xavier
INFO - uniform : False
WARNING - DeprecationWarning: use_default_protocol will be removed in future. Please use corrupt_side argument instead.
INFO - Removing 46 triples containing unseen entities. 
INFO - Removing 83 triples containing unseen entities. 
INFO - 
--------- Loss ---------
INFO - Name : pairwise
INFO - eta : 2
INFO - margin : 5
INFO - 
------ Optimizer -----
INFO - Name : adam
INFO - lr : 0.1
INFO - 
------ Initializer -----
INFO - Name : xavier
INFO - uniform : False
INFO - 
--------- Loss ---------
INFO - Name : pairwise
INFO - eta : 2
INFO - margin : 5
INFO - 
------ Optimizer -----
INFO - Name : adam
INFO - lr : 0.1
INFO - 
------ Initializer -----
INFO - Name : xavier
INFO - uniform : False
WARNING - DeprecationWarning: use_default_protocol will be removed in future. Please use corrupt_side argument instead.
INFO - Removing 29 triples containing unseen entities. 
INFO - Removing 58 triples containing unseen entities. 
INFO - 
--------- Loss ---------
INFO - Name : pairwise
INFO - eta : 2
INFO - margin : 5
INFO - 
------ Optimizer -----
INFO - Name : adam
INFO - lr : 0.1
INFO - 
------ Initializer -----
INFO - Name : xavier
INFO - uniform : False
WARNING - DeprecationWarning: use_default_protocol will be removed in future. Please use corrupt_side argument instead.
INFO - Removing 29 triples containing unseen entities. 
INFO - Removing 58 triples containing unseen entities. 
INFO - 
--------- Loss ---------
INFO - Name : pairwise
INFO - eta : 2
INFO - margin : 5
INFO - 
------ Optimizer -----
INFO - Name : adam
INFO - lr : 0.1
INFO - 
------ Initializer -----
INFO - Name : xavier
INFO - uniform : False
WARNING - DeprecationWarning: use_default_protocol will be removed in future. Please use corrupt_side argument instead.
INFO - Removing 29 triples containing unseen entities. 
INFO - Removing 58 triples containing unseen entities. 
INFO - 
--------- Loss ---------
INFO - Name : pairwise
INFO - eta : 2
INFO - margin : 5
INFO - 
------ Optimizer -----
INFO - Name : adam
INFO - lr : 0.1
INFO - 
------ Initializer -----
INFO - Name : xavier
INFO - uniform : False
WARNING - DeprecationWarning: use_default_protocol will be removed in future. Please use corrupt_side argument instead.
INFO - Removing 29 triples containing unseen entities. 
INFO - Removing 58 triples containing unseen entities. 
INFO - 
--------- Loss ---------
INFO - Name : pairwise
INFO - eta : 2
INFO - margin : 5
INFO - 
------ Optimizer -----
INFO - Name : adam
INFO - lr : 0.1
INFO - 
------ Initializer -----
INFO - Name : xavier
INFO - uniform : False
WARNING - DeprecationWarning: use_default_protocol will be removed in future. Please use corrupt_side argument instead.
INFO - Removing 29 triples containing unseen entities. 
INFO - Removing 58 triples containing unseen entities. 
INFO - 
--------- Loss ---------
INFO - Name : pairwise
INFO - eta : 2
INFO - margin : 5
INFO - 
------ Optimizer -----
INFO - Name : adam
INFO - lr : 0.1
INFO - 
------ Initializer -----
INFO - Name : xavier
INFO - uniform : False
WARNING - DeprecationWarning: use_default_protocol will be removed in future. Please use corrupt_side argument instead.
INFO - Removing 29 triples containing unseen entities. 
INFO - Removing 58 triples containing unseen entities. 
INFO - 
--------- Loss ---------
INFO - Name : pairwise
INFO - eta : 2
INFO - margin : 5
INFO - 
------ Optimizer -----
INFO - Name : adam
INFO - lr : 0.1
INFO - 
------ Initializer -----
INFO - Name : xavier
INFO - uniform : False
WARNING - DeprecationWarning: use_default_protocol will be removed in future. Please use corrupt_side argument instead.
INFO - Removing 29 triples containing unseen entities. 
INFO - Removing 58 triples containing unseen entities. 
INFO - 
--------- Loss ---------
INFO - Name : pairwise
INFO - eta : 2
INFO - margin : 5
INFO - 
------ Optimizer -----
INFO - Name : adam
INFO - lr : 0.1
INFO - 
------ Initializer -----
INFO - Name : xavier
INFO - uniform : False
WARNING - DeprecationWarning: use_default_protocol will be removed in future. Please use corrupt_side argument instead.
INFO - Removing 29 triples containing unseen entities. 
INFO - Removing 58 triples containing unseen entities. 
INFO - 
--------- Loss ---------
INFO - Name : pairwise
INFO - eta : 2
INFO - margin : 5
INFO - 
------ Optimizer -----
INFO - Name : adam
INFO - lr : 0.01
INFO - 
------ Initializer -----
INFO - Name : xavier
INFO - uniform : False
WARNING - DeprecationWarning: use_default_protocol will be removed in future. Please use corrupt_side argument instead.
INFO - Removing 29 triples containing unseen entities. 
INFO - Removing 58 triples containing unseen entities. 
INFO - 
--------- Loss ---------
INFO - Name : pairwise
INFO - eta : 2
INFO - margin : 5
INFO - 
------ Optimizer -----
INFO - Name : adam
INFO - lr : 0.01
INFO - 
------ Initializer -----
INFO - Name : xavier
INFO - uniform : False
WARNING - DeprecationWarning: use_default_protocol will be removed in future. Please use corrupt_side argument instead.
INFO - Removing 29 triples containing unseen entities. 
INFO - Removing 58 triples containing unseen entities. 
INFO - 
--------- Loss ---------
INFO - Name : pairwise
INFO - eta : 2
INFO - margin : 5
INFO - 
------ Optimizer -----
INFO - Name : adam
INFO - lr : 0.01
INFO - 
------ Initializer -----
INFO - Name : xavier
INFO - uniform : False
WARNING - DeprecationWarning: use_default_protocol will be removed in future. Please use corrupt_side argument instead.
INFO - Removing 29 triples containing unseen entities. 
INFO - Removing 58 triples containing unseen entities. 
INFO - 
--------- Loss ---------
INFO - Name : pairwise
INFO - eta : 2
INFO - margin : 5
INFO - 
------ Optimizer -----
INFO - Name : adam
INFO - lr : 0.01
INFO - 
------ Initializer -----
INFO - Name : xavier
INFO - uniform : False
WARNING - DeprecationWarning: use_default_protocol will be removed in future. Please use corrupt_side argument instead.
INFO - Removing 29 triples containing unseen entities. 
INFO - Removing 58 triples containing unseen entities. 
INFO - 
--------- Loss ---------
INFO - Name : pairwise
INFO - eta : 2
INFO - margin : 5
INFO - 
------ Optimizer -----
INFO - Name : adam
INFO - lr : 0.01
INFO - 
------ Initializer -----
INFO - Name : xavier
INFO - uniform : False
WARNING - DeprecationWarning: use_default_protocol will be removed in future. Please use corrupt_side argument instead.
INFO - Removing 29 triples containing unseen entities. 
INFO - Removing 58 triples containing unseen entities. 
INFO - 
--------- Loss ---------
INFO - Name : pairwise
INFO - eta : 2
INFO - margin : 5
INFO - 
------ Optimizer -----
INFO - Name : adam
INFO - lr : 0.01
INFO - 
------ Initializer -----
INFO - Name : xavier
INFO - uniform : False
WARNING - DeprecationWarning: use_default_protocol will be removed in future. Please use corrupt_side argument instead.
INFO - Removing 29 triples containing unseen entities. 
INFO - Removing 58 triples containing unseen entities. 
INFO - 
--------- Loss ---------
INFO - Name : pairwise
INFO - eta : 2
INFO - margin : 5
INFO - 
------ Optimizer -----
INFO - Name : adam
INFO - lr : 0.01
INFO - 
------ Initializer -----
INFO - Name : xavier
INFO - uniform : False
WARNING - DeprecationWarning: use_default_protocol will be removed in future. Please use corrupt_side argument instead.
INFO - Removing 29 triples containing unseen entities. 
INFO - Removing 58 triples containing unseen entities. 
INFO - 
--------- Loss ---------
INFO - Name : pairwise
INFO - eta : 2
INFO - margin : 5
INFO - 
------ Optimizer -----
INFO - Name : adam
INFO - lr : 0.01
INFO - 
------ Initializer -----
INFO - Name : xavier
INFO - uniform : False
WARNING - DeprecationWarning: use_default_protocol will be removed in future. Please use corrupt_side argument instead.
INFO - Removing 29 triples containing unseen entities. 
INFO - Removing 58 triples containing unseen entities. 
INFO - 
--------- Loss ---------
INFO - Name : pairwise
INFO - eta : 2
INFO - margin : 5
INFO - 
------ Optimizer -----
INFO - Name : adam
INFO - lr : 0.05
INFO - 
------ Initializer -----
INFO - Name : xavier
INFO - uniform : False
WARNING - DeprecationWarning: use_default_protocol will be removed in future. Please use corrupt_side argument instead.
INFO - Removing 29 triples containing unseen entities. 
INFO - Removing 58 triples containing unseen entities. 
INFO - 
--------- Loss ---------
INFO - Name : pairwise
INFO - eta : 2
INFO - margin : 5
INFO - 
------ Optimizer -----
INFO - Name : adam
INFO - lr : 0.05
INFO - 
------ Initializer -----
INFO - Name : xavier
INFO - uniform : False
WARNING - DeprecationWarning: use_default_protocol will be removed in future. Please use corrupt_side argument instead.
INFO - Removing 29 triples containing unseen entities. 
INFO - Removing 58 triples containing unseen entities. 
INFO - 
--------- Loss ---------
INFO - Name : pairwise
INFO - eta : 2
INFO - margin : 5
INFO - 
------ Optimizer -----
INFO - Name : adam
INFO - lr : 0.05
INFO - 
------ Initializer -----
INFO - Name : xavier
INFO - uniform : False
WARNING - DeprecationWarning: use_default_protocol will be removed in future. Please use corrupt_side argument instead.
INFO - Removing 29 triples containing unseen entities. 
INFO - Removing 58 triples containing unseen entities. 
INFO - 
--------- Loss ---------
INFO - Name : pairwise
INFO - eta : 2
INFO - margin : 5
INFO - 
------ Optimizer -----
INFO - Name : adam
INFO - lr : 0.05
INFO - 
------ Initializer -----
INFO - Name : xavier
INFO - uniform : False
WARNING - DeprecationWarning: use_default_protocol will be removed in future. Please use corrupt_side argument instead.
INFO - Removing 29 triples containing unseen entities. 
INFO - Removing 58 triples containing unseen entities. 
INFO - 
--------- Loss ---------
INFO - Name : pairwise
INFO - eta : 2
INFO - margin : 5
INFO - 
------ Optimizer -----
INFO - Name : adam
INFO - lr : 0.05
INFO - 
------ Initializer -----
INFO - Name : xavier
INFO - uniform : False
WARNING - DeprecationWarning: use_default_protocol will be removed in future. Please use corrupt_side argument instead.
INFO - Removing 29 triples containing unseen entities. 
INFO - Removing 58 triples containing unseen entities. 
INFO - 
--------- Loss ---------
INFO - Name : pairwise
INFO - eta : 2
INFO - margin : 5
INFO - 
------ Optimizer -----
INFO - Name : adam
INFO - lr : 0.05
INFO - 
------ Initializer -----
INFO - Name : xavier
INFO - uniform : False
WARNING - DeprecationWarning: use_default_protocol will be removed in future. Please use corrupt_side argument instead.
INFO - Removing 29 triples containing unseen entities. 
INFO - Removing 58 triples containing unseen entities. 
INFO - 
--------- Loss ---------
INFO - Name : pairwise
INFO - eta : 2
INFO - margin : 5
INFO - 
------ Optimizer -----
INFO - Name : adam
INFO - lr : 0.05
INFO - 
------ Initializer -----
INFO - Name : xavier
INFO - uniform : False
WARNING - DeprecationWarning: use_default_protocol will be removed in future. Please use corrupt_side argument instead.
INFO - Removing 29 triples containing unseen entities. 
INFO - Removing 58 triples containing unseen entities. 
INFO - 
--------- Loss ---------
INFO - Name : pairwise
INFO - eta : 2
INFO - margin : 5
INFO - 
------ Optimizer -----
INFO - Name : adam
INFO - lr : 0.05
INFO - 
------ Initializer -----
INFO - Name : xavier
INFO - uniform : False
WARNING - DeprecationWarning: use_default_protocol will be removed in future. Please use corrupt_side argument instead.
INFO - Removing 29 triples containing unseen entities. 
INFO - Removing 58 triples containing unseen entities. 
INFO - 
--------- Loss ---------
INFO - Name : pairwise
INFO - eta : 2
INFO - margin : 5
INFO - 
------ Optimizer -----
INFO - Name : adam
INFO - lr : 0.1
INFO - 
------ Initializer -----
INFO - Name : xavier
INFO - uniform : False
INFO - 
--------- Loss ---------
INFO - Name : pairwise
INFO - eta : 2
INFO - margin : 5
INFO - 
------ Optimizer -----
INFO - Name : adam
INFO - lr : 0.1
INFO - 
------ Initializer -----
INFO - Name : xavier
INFO - uniform : False
WARNING - DeprecationWarning: use_default_protocol will be removed in future. Please use corrupt_side argument instead.
INFO - Removing 35 triples containing unseen entities. 
INFO - Removing 70 triples containing unseen entities. 
INFO - 
--------- Loss ---------
INFO - Name : pairwise
INFO - eta : 2
INFO - margin : 5
INFO - 
------ Optimizer -----
INFO - Name : adam
INFO - lr : 0.1
INFO - 
------ Initializer -----
INFO - Name : xavier
INFO - uniform : False
WARNING - DeprecationWarning: use_default_protocol will be removed in future. Please use corrupt_side argument instead.
INFO - Removing 35 triples containing unseen entities. 
INFO - Removing 70 triples containing unseen entities. 
INFO - 
--------- Loss ---------
INFO - Name : pairwise
INFO - eta : 2
INFO - margin : 5
INFO - 
------ Optimizer -----
INFO - Name : adam
INFO - lr : 0.1
INFO - 
------ Initializer -----
INFO - Name : xavier
INFO - uniform : False
WARNING - DeprecationWarning: use_default_protocol will be removed in future. Please use corrupt_side argument instead.
INFO - Removing 30 triples containing unseen entities. 
INFO - Removing 62 triples containing unseen entities. 
INFO - 
--------- Loss ---------
INFO - Name : pairwise
INFO - eta : 2
INFO - margin : 5
INFO - 
------ Optimizer -----
INFO - Name : adam
INFO - lr : 0.1
INFO - 
------ Initializer -----
INFO - Name : xavier
INFO - uniform : False
WARNING - DeprecationWarning: use_default_protocol will be removed in future. Please use corrupt_side argument instead.
INFO - Removing 30 triples containing unseen entities. 
INFO - Removing 62 triples containing unseen entities. 
INFO - 
--------- Loss ---------
INFO - Name : pairwise
INFO - eta : 2
INFO - margin : 5
INFO - 
------ Optimizer -----
INFO - Name : adam
INFO - lr : 0.1
INFO - 
------ Initializer -----
INFO - Name : xavier
INFO - uniform : False
WARNING - DeprecationWarning: use_default_protocol will be removed in future. Please use corrupt_side argument instead.
INFO - Removing 33 triples containing unseen entities. 
INFO - Removing 61 triples containing unseen entities. 
WARNING - All triples will be processed in the same batch (batches_count=1). When processing large graphs it is recommended to batch the input knowledge graph instead.
INFO - 
--------- Loss ---------
INFO - Name : pairwise
INFO - eta : 2
INFO - margin : 5
INFO - 
------ Optimizer -----
INFO - Name : adam
INFO - lr : 0.1
INFO - 
------ Initializer -----
INFO - Name : xavier
INFO - uniform : False
WARNING - DeprecationWarning: use_default_protocol will be removed in future. Please use corrupt_side argument instead.
INFO - Removing 38 triples containing unseen entities. 
INFO - Removing 69 triples containing unseen entities. 
INFO - 
--------- Loss ---------
INFO - Name : pairwise
INFO - eta : 2
INFO - margin : 5
INFO - 
------ Optimizer -----
INFO - Name : adam
INFO - lr : 0.1
INFO - 
------ Initializer -----
INFO - Name : xavier
INFO - uniform : False
WARNING - DeprecationWarning: use_default_protocol will be removed in future. Please use corrupt_side argument instead.
INFO - Removing 38 triples containing unseen entities. 
INFO - Removing 69 triples containing unseen entities. 
INFO - 
--------- Loss ---------
INFO - Name : pairwise
INFO - eta : 2
INFO - margin : 5
INFO - 
------ Optimizer -----
INFO - Name : adam
INFO - lr : 0.1
INFO - 
------ Initializer -----
INFO - Name : xavier
INFO - uniform : False
WARNING - DeprecationWarning: use_default_protocol will be removed in future. Please use corrupt_side argument instead.
INFO - Removing 38 triples containing unseen entities. 
INFO - Removing 69 triples containing unseen entities. 
INFO - 
--------- Loss ---------
INFO - Name : pairwise
INFO - eta : 2
INFO - margin : 5
INFO - 
------ Optimizer -----
INFO - Name : adam
INFO - lr : 0.1
INFO - 
------ Initializer -----
INFO - Name : xavier
INFO - uniform : False
WARNING - DeprecationWarning: use_default_protocol will be removed in future. Please use corrupt_side argument instead.
INFO - Removing 38 triples containing unseen entities. 
INFO - Removing 69 triples containing unseen entities. 
INFO - 
--------- Loss ---------
INFO - Name : pairwise
INFO - eta : 2
INFO - margin : 5
INFO - 
------ Optimizer -----
INFO - Name : adam
INFO - lr : 0.01
INFO - 
------ Initializer -----
INFO - Name : xavier
INFO - uniform : False
WARNING - DeprecationWarning: use_default_protocol will be removed in future. Please use corrupt_side argument instead.
INFO - Removing 38 triples containing unseen entities. 
INFO - Removing 69 triples containing unseen entities. 
INFO - 
--------- Loss ---------
INFO - Name : pairwise
INFO - eta : 2
INFO - margin : 5
INFO - 
------ Optimizer -----
INFO - Name : adam
INFO - lr : 0.01
INFO - 
------ Initializer -----
INFO - Name : xavier
INFO - uniform : False
WARNING - DeprecationWarning: use_default_protocol will be removed in future. Please use corrupt_side argument instead.
INFO - Removing 38 triples containing unseen entities. 
INFO - Removing 69 triples containing unseen entities. 
INFO - 
--------- Loss ---------
INFO - Name : pairwise
INFO - eta : 2
INFO - margin : 5
INFO - 
------ Optimizer -----
INFO - Name : adam
INFO - lr : 0.01
INFO - 
------ Initializer -----
INFO - Name : xavier
INFO - uniform : False
WARNING - DeprecationWarning: use_default_protocol will be removed in future. Please use corrupt_side argument instead.
INFO - Removing 38 triples containing unseen entities. 
INFO - Removing 69 triples containing unseen entities. 
INFO - 
--------- Loss ---------
INFO - Name : pairwise
INFO - eta : 2
INFO - margin : 5
INFO - 
------ Optimizer -----
INFO - Name : adam
INFO - lr : 0.01
INFO - 
------ Initializer -----
INFO - Name : xavier
INFO - uniform : False
WARNING - DeprecationWarning: use_default_protocol will be removed in future. Please use corrupt_side argument instead.
INFO - Removing 38 triples containing unseen entities. 
INFO - Removing 69 triples containing unseen entities. 
